-------------------------------------------------------------------------------
Test set: com.mycompany.chatapplication.MessageTest
-------------------------------------------------------------------------------
Tests run: 5, Failures: 1, Errors: 0, Skipped: 0, Time elapsed: 0.022 s <<< FAILURE! -- in com.mycompany.chatapplication.MessageTest
com.mycompany.chatapplication.MessageTest.testInvalidRecipientMessage -- Time elapsed: 0.009 s <<< FAILURE!
org.opentest4j.AssertionFailedError: expected: <Cell phone number is incorrectly formatted or does not contain an international code.> but was: <Cell phone number is incorrectly formatted or does not contain an international code. Must be exactly 10 characters starting with +27 (e.g.,+2782123456).>
	at org.junit.jupiter.api.AssertionFailureBuilder.build(AssertionFailureBuilder.java:151)
	at org.junit.jupiter.api.AssertionFailureBuilder.buildAndThrow(AssertionFailureBuilder.java:132)
	at org.junit.jupiter.api.AssertEquals.failNotEqual(AssertEquals.java:197)
	at org.junit.jupiter.api.AssertEquals.assertEquals(AssertEquals.java:182)
	at org.junit.jupiter.api.AssertEquals.assertEquals(AssertEquals.java:177)
	at org.junit.jupiter.api.Assertions.assertEquals(Assertions.java:1145)
	at com.mycompany.chatapplication.MessageTest.testInvalidRecipientMessage(MessageTest.java:34)
	at java.base/java.lang.reflect.Method.invoke(Method.java:565)
	at java.base/java.util.ArrayList.forEach(ArrayList.java:1604)
	at java.base/java.util.ArrayList.forEach(ArrayList.java:1604)

