<?xml version="1.0" encoding="UTF-8"?>
<testsuite xmlns:xsi="http://www.w3.org/2001/XMLSchema-instance" xsi:noNamespaceSchemaLocation="https://maven.apache.org/surefire/maven-surefire-plugin/xsd/surefire-test-report-3.0.xsd" version="3.0" name="chatApplication.LoginTest" time="0.079" tests="16" errors="0" skipped="0" failures="0">
  <properties>
[...]
</properties>
  <testcase name="testPasswordDoesNotMeetComplexity" classname="chatApplication.LoginTest" time="0.025">
    <system-out><![CDATA[Username successfully captured.
]]></system-out>
  </testcase>
  <testcase name="testCellPhoneIncorrectlyFormatted" classname="chatApplication.LoginTest" time="0.001">
    <system-out><![CDATA[Username successfully captured.
Password successfully captured.
]]></system-out>
  </testcase>
  <testcase name="testUsernameIncorrectlyFormatted" classname="chatApplication.LoginTest" time="0.001"/>
  <testcase name="testPasswordMeetsComplexityBoolean" classname="chatApplication.LoginTest" time="0.002"/>
  <testcase name="testPasswordMeetsComplexity" classname="chatApplication.LoginTest" time="0.001">
    <system-out><![CDATA[Username successfully captured.
Password successfully captured.
Cell phone number was added successfully.
]]></system-out>
  </testcase>
  <testcase name="testCellPhoneIncorrectlyFormattedBoolean" classname="chatApplication.LoginTest" time="0.002"/>
  <testcase name="testReturnLoginStatusSuccess" classname="chatApplication.LoginTest" time="0.001">
    <system-out><![CDATA[Username successfully captured.
Password successfully captured.
Cell phone number was added successfully.
]]></system-out>
  </testcase>
  <testcase name="testPasswordDoesNotMeetComplexityBoolean" classname="chatApplication.LoginTest" time="0.001"/>
  <testcase name="testLoginFailed" classname="chatApplication.LoginTest" time="0.0">
    <system-out><![CDATA[Username successfully captured.
Password successfully captured.
Cell phone number was added successfully.
]]></system-out>
  </testcase>
  <testcase name="testCellPhoneCorrectlyFormatted" classname="chatApplication.LoginTest" time="0.0">
    <system-out><![CDATA[Username successfully captured.
Password successfully captured.
Cell phone number was added successfully.
]]></system-out>
  </testcase>
  <testcase name="testReturnLoginStatusFailure" classname="chatApplication.LoginTest" time="0.002"/>
  <testcase name="testLoginSuccessful" classname="chatApplication.LoginTest" time="0.001">
    <system-out><![CDATA[Username successfully captured.
Password successfully captured.
Cell phone number was added successfully.
]]></system-out>
  </testcase>
  <testcase name="testUsernameCorrectlyFormattedBoolean" classname="chatApplication.LoginTest" time="0.001"/>
  <testcase name="testCellPhoneCorrectlyFormattedBoolean" classname="chatApplication.LoginTest" time="0.001"/>
  <testcase name="testUsernameIncorrectlyFormattedBoolean" classname="chatApplication.LoginTest" time="0.001"/>
  <testcase name="testUsernameCorrectlyFormatted" classname="chatApplication.LoginTest" time="0.001">
    <system-out><![CDATA[Username successfully captured.
Password successfully captured.
Cell phone number was added successfully.
]]></system-out>
  </testcase>
</testsuite>